C:\Sources\os-fcgi\win32\x64\Debug\cl.command.1.tlog
C:\Sources\os-fcgi\win32\x64\Debug\CL.read.1.tlog
C:\Sources\os-fcgi\win32\x64\Debug\CL.write.1.tlog
C:\SOURCES\OS-FCGI\WIN32\X64\DEBUG\EXCEPTION.OBJ
C:\SOURCES\OS-FCGI\WIN32\X64\DEBUG\FCGI_STDIO.OBJ
C:\SOURCES\OS-FCGI\WIN32\X64\DEBUG\FCGIAPP.OBJ
C:\SOURCES\OS-FCGI\WIN32\X64\DEBUG\FIELD.OBJ
C:\Sources\os-fcgi\win32\x64\Debug\link.10364.read.1.tlog
C:\Sources\os-fcgi\win32\x64\Debug\link.10364.write.1.tlog
C:\Sources\os-fcgi\win32\x64\Debug\link.10364-cvtres.read.1.tlog
C:\Sources\os-fcgi\win32\x64\Debug\link.10364-cvtres.write.1.tlog
C:\Sources\os-fcgi\win32\x64\Debug\link.14804.read.1.tlog
C:\Sources\os-fcgi\win32\x64\Debug\link.14804.write.1.tlog
C:\Sources\os-fcgi\win32\x64\Debug\link.14804-cvtres.read.1.tlog
C:\Sources\os-fcgi\win32\x64\Debug\link.14804-cvtres.write.1.tlog
C:\Sources\os-fcgi\win32\x64\Debug\link.command.1.tlog
C:\Sources\os-fcgi\win32\x64\Debug\link.read.1.tlog
C:\Sources\os-fcgi\win32\x64\Debug\link.write.1.tlog
C:\Sources\os-fcgi\win32\x64\Debug\link-cvtres.read.1.tlog
C:\Sources\os-fcgi\win32\x64\Debug\link-cvtres.write.1.tlog
C:\Sources\os-fcgi\win32\x64\Debug\mt.command.1.tlog
C:\Sources\os-fcgi\win32\x64\Debug\mt.read.1.tlog
C:\Sources\os-fcgi\win32\x64\Debug\mt.write.1.tlog
C:\SOURCES\OS-FCGI\WIN32\X64\DEBUG\OBJECTSCRIPT.OBJ
C:\SOURCES\OS-FCGI\WIN32\X64\DEBUG\OS_WIN32.OBJ
C:\SOURCES\OS-FCGI\WIN32\X64\DEBUG\OS-FCGI.EXE
C:\SOURCES\OS-FCGI\WIN32\X64\DEBUG\OS-FCGI.EXE.EMBED.MANIFEST
C:\SOURCES\OS-FCGI\WIN32\X64\DEBUG\OS-FCGI.EXE.EMBED.MANIFEST.RES
C:\SOURCES\OS-FCGI\WIN32\X64\DEBUG\OS-FCGI.EXE.INTERMEDIATE.MANIFEST
C:\Sources\os-fcgi\win32\x64\Debug\os-fcgi.exp
C:\SOURCES\OS-FCGI\WIN32\X64\DEBUG\OS-FCGI.ILK
C:\Sources\os-fcgi\win32\x64\Debug\os-fcgi.lib
C:\SOURCES\OS-FCGI\WIN32\X64\DEBUG\OS-FCGI.OBJ
C:\SOURCES\OS-FCGI\WIN32\X64\DEBUG\OS-FCGI.PDB
C:\Sources\os-fcgi\win32\x64\Debug\os-fcgi.vcxprojResolveAssemblyReference.cache
C:\Sources\os-fcgi\win32\x64\Debug\os-fcgi.write.1.tlog
C:\Sources\os-fcgi\win32\x64\Debug\os-fcgi_manifest.rc
C:\SOURCES\OS-FCGI\WIN32\X64\DEBUG\PARSER.OBJ
C:\Sources\os-fcgi\win32\x64\Debug\rc.command.1.tlog
C:\Sources\os-fcgi\win32\x64\Debug\rc.read.1.tlog
C:\Sources\os-fcgi\win32\x64\Debug\rc.write.1.tlog
C:\SOURCES\OS-FCGI\WIN32\X64\DEBUG\STDAFX.OBJ
C:\Sources\os-fcgi\win32\x64\Debug\vc100.idb
C:\SOURCES\OS-FCGI\WIN32\X64\DEBUG\VC100.PDB
