  objectscript.cpp
..\os\objectscript.cpp(12094): warning C4996: 'fopen': This function or variable may be unsafe. Consider using fopen_s instead. To disable deprecation, use _CRT_SECURE_NO_WARNINGS. See online help for details.
          c:\Program Files (x86)\Microsoft Visual Studio 10.0\VC\include\stdio.h(234): см. объявление "fopen"
  os-regexp.cpp
  Generating Code...
     Создается библиотека C:\Sources\os-fcgi\win32\x64\Debug\os-fcgi.lib и объект C:\Sources\os-fcgi\win32\x64\Debug\os-fcgi.exp
os-fcgi.obj : warning LNK4217: локально определенный символ FCGX_Finish_r импортирован в функцию "void * __cdecl doit(void *)" (?doit@@YAPEAXPEAX@Z)
os-fcgi.obj : warning LNK4217: локально определенный символ FCGX_Accept_r импортирован в функцию "void * __cdecl doit(void *)" (?doit@@YAPEAXPEAX@Z)
os-fcgi.obj : warning LNK4217: локально определенный символ FCGX_InitRequest импортирован в функцию "void * __cdecl doit(void *)" (?doit@@YAPEAXPEAX@Z)
os-fcgi.obj : warning LNK4217: локально определенный символ FCGX_PutStr импортирован в функцию "public: void __cdecl FCGX_OS::appendBuffer(void const *,int)" (?appendBuffer@FCGX_OS@@QEAAXPEBXH@Z)
os-fcgi.obj : warning LNK4217: локально определенный символ FCGX_FFlush импортирован в функцию "public: void __cdecl FCGX_OS::processRequest(struct FCGX_Request *)" (?processRequest@FCGX_OS@@QEAAXPEAUFCGX_Request@@@Z)
os-fcgi.obj : warning LNK4217: локально определенный символ FCGX_PutS импортирован в функцию "public: void __cdecl FCGX_OS::processRequest(struct FCGX_Request *)" (?processRequest@FCGX_OS@@QEAAXPEAUFCGX_Request@@@Z)
os-fcgi.obj : warning LNK4217: локально определенный символ FCGX_GetStr импортирован в функцию "public: void __cdecl FCGX_OS::processRequest(struct FCGX_Request *)" (?processRequest@FCGX_OS@@QEAAXPEAUFCGX_Request@@@Z)
os-fcgi.obj : warning LNK4217: локально определенный символ FCGX_FPrintF импортирован в функцию "public: void __cdecl FCGX_OS::processRequest(struct FCGX_Request *)" (?processRequest@FCGX_OS@@QEAAXPEAUFCGX_Request@@@Z)
os-fcgi.obj : warning LNK4217: локально определенный символ FCGX_OpenSocket импортирован в функцию wmain
os-fcgi.obj : warning LNK4217: локально определенный символ FCGX_Init импортирован в функцию wmain
os-regexp.obj : warning LNK4049: импортирован локально определенный символ pcre_free
pcreposix.obj : warning LNK4049: импортирован локально определенный символ pcre_free
os-regexp.obj : warning LNK4217: локально определенный символ pcre_study импортирован в функцию "public: static struct ObjectScript::RegexpOS::RegexpCache * __cdecl ObjectScript::RegexpOS::Regexp::getRegexpCache(class ObjectScript::OS *,class ObjectScript::OS::Core::String const &)" (?getRegexpCache@Regexp@RegexpOS@ObjectScript@@SAPEAURegexpCache@23@PEAVOS@3@AEBVString@Core@53@@Z)
os-regexp.obj : warning LNK4217: локально определенный символ pcre_compile импортирован в функцию "public: static struct ObjectScript::RegexpOS::RegexpCache * __cdecl ObjectScript::RegexpOS::Regexp::getRegexpCache(class ObjectScript::OS *,class ObjectScript::OS::Core::String const &)" (?getRegexpCache@Regexp@RegexpOS@ObjectScript@@SAPEAURegexpCache@23@PEAVOS@3@AEBVString@Core@53@@Z)
os-regexp.obj : warning LNK4217: локально определенный символ pcre_fullinfo импортирован в функцию "public: static struct ObjectScript::RegexpOS::RegexpCache * __cdecl ObjectScript::RegexpOS::Regexp::getRegexpCache(class ObjectScript::OS *,class ObjectScript::OS::Core::String const &)" (?getRegexpCache@Regexp@RegexpOS@ObjectScript@@SAPEAURegexpCache@23@PEAVOS@3@AEBVString@Core@53@@Z)
os-regexp.obj : warning LNK4217: локально определенный символ pcre_get_substring_list импортирован в функцию "public: bool __cdecl ObjectScript::RegexpOS::Regexp::match(class ObjectScript::OS::String const &,int,int,int,int)" (?match@Regexp@RegexpOS@ObjectScript@@QEAA_NAEBVString@OS@3@HHHH@Z)
os-regexp.obj : warning LNK4217: локально определенный символ pcre_exec импортирован в функцию "public: bool __cdecl ObjectScript::RegexpOS::Regexp::match(class ObjectScript::OS::String const &,int,int,int,int)" (?match@Regexp@RegexpOS@ObjectScript@@QEAA_NAEBVString@OS@3@HHHH@Z)
pcreposix.obj : warning LNK4049: импортирован локально определенный символ pcre_exec
pcreposix.obj : warning LNK4217: локально определенный символ pcre_info импортирован в функцию regcomp
pcreposix.obj : warning LNK4217: локально определенный символ pcre_compile2 импортирован в функцию regcomp
os-curl.obj : error LNK2019: ссылка на неразрешенный внешний символ __imp_curl_slist_append в функции "private: void __cdecl ObjectScript::CurlOS::Curl::copyFrom(class ObjectScript::CurlOS::Curl *)" (?copyFrom@Curl@CurlOS@ObjectScript@@AEAAXPEAV123@@Z)
os-curl.obj : error LNK2019: ссылка на неразрешенный внешний символ __imp_curl_easy_setopt в функции "private: void __cdecl ObjectScript::CurlOS::Curl::copyFrom(class ObjectScript::CurlOS::Curl *)" (?copyFrom@Curl@CurlOS@ObjectScript@@AEAAXPEAV123@@Z)
os-curl.obj : error LNK2019: ссылка на неразрешенный внешний символ __imp_curl_easy_init в функции "public: bool __cdecl ObjectScript::CurlOS::Curl::init(void)" (?init@Curl@CurlOS@ObjectScript@@QEAA_NXZ)
os-curl.obj : error LNK2019: ссылка на неразрешенный внешний символ __imp_curl_slist_free_all в функции "private: void __cdecl ObjectScript::CurlOS::Curl::resetData(void)" (?resetData@Curl@CurlOS@ObjectScript@@AEAAXXZ)
os-curl.obj : error LNK2019: ссылка на неразрешенный внешний символ __imp_curl_formfree в функции "private: void __cdecl ObjectScript::CurlOS::Curl::resetData(void)" (?resetData@Curl@CurlOS@ObjectScript@@AEAAXXZ)
os-curl.obj : error LNK2019: ссылка на неразрешенный внешний символ __imp_curl_easy_cleanup в функции "public: void __cdecl ObjectScript::CurlOS::Curl::close(void)" (?close@Curl@CurlOS@ObjectScript@@QEAAXXZ)
os-curl.obj : error LNK2019: ссылка на неразрешенный внешний символ __imp_curl_easy_reset в функции "public: void __cdecl ObjectScript::CurlOS::Curl::reset(void)" (?reset@Curl@CurlOS@ObjectScript@@QEAAXXZ)
os-curl.obj : error LNK2019: ссылка на неразрешенный внешний символ __imp_curl_easy_perform в функции "public: enum CURLcode __cdecl ObjectScript::CurlOS::Curl::perform(void)" (?perform@Curl@CurlOS@ObjectScript@@QEAA?AW4CURLcode@@XZ)
os-curl.obj : error LNK2019: ссылка на неразрешенный внешний символ __imp_curl_easy_getinfo в функции "public: struct ObjectScript::CurlOS::Curl::InfoData __cdecl ObjectScript::CurlOS::Curl::getInfo(enum CURLINFO)" (?getInfo@Curl@CurlOS@ObjectScript@@QEAA?AUInfoData@123@W4CURLINFO@@@Z)
os-curl.obj : error LNK2019: ссылка на неразрешенный внешний символ __imp_curl_easy_duphandle в функции "public: static int __cdecl `public: static void __cdecl ObjectScript::CurlOS::Curl::initLibrary(class ObjectScript::OS *)'::`2'::Lib::clone(class ObjectScript::OS *,int,int,int,void *)" (?clone@Lib@?1??initLibrary@Curl@CurlOS@ObjectScript@@SAXPEAVOS@5@@Z@SAH0HHHPEAX@Z)
os-curl.obj : error LNK2019: ссылка на неразрешенный внешний символ __imp_curl_version_info в функции "public: static int __cdecl `public: static void __cdecl ObjectScript::CurlOS::Curl::initLibrary(class ObjectScript::OS *)'::`2'::Lib::getVersion(class ObjectScript::OS *,int,int,int,void *)" (?getVersion@Lib@?1??initLibrary@Curl@CurlOS@ObjectScript@@SAXPEAVOS@5@@Z@SAH0HHHPEAX@Z)
C:\Sources\os-fcgi\win32\x64\Debug\os-fcgi.exe : fatal error LNK1120: 11 неразрешенных внешних элементов
