C:\Sources\os-fcgi\win32\Debug\cl.command.1.tlog
C:\Sources\os-fcgi\win32\Debug\CL.read.1.tlog
C:\Sources\os-fcgi\win32\Debug\CL.write.1.tlog
C:\SOURCES\OS-FCGI\WIN32\DEBUG\EXCEPTION.OBJ
C:\SOURCES\OS-FCGI\WIN32\DEBUG\FCGI_STDIO.OBJ
C:\SOURCES\OS-FCGI\WIN32\DEBUG\FCGIAPP.OBJ
C:\SOURCES\OS-FCGI\WIN32\DEBUG\FIELD.OBJ
C:\Sources\os-fcgi\win32\Debug\link.10236.read.1.tlog
C:\Sources\os-fcgi\win32\Debug\link.10236.write.1.tlog
C:\Sources\os-fcgi\win32\Debug\link.10236-cvtres.read.1.tlog
C:\Sources\os-fcgi\win32\Debug\link.10236-cvtres.write.1.tlog
C:\Sources\os-fcgi\win32\Debug\link.33560.read.1.tlog
C:\Sources\os-fcgi\win32\Debug\link.33560.write.1.tlog
C:\Sources\os-fcgi\win32\Debug\link.33560-cvtres.read.1.tlog
C:\Sources\os-fcgi\win32\Debug\link.33560-cvtres.write.1.tlog
C:\Sources\os-fcgi\win32\Debug\link.5872.read.1.tlog
C:\Sources\os-fcgi\win32\Debug\link.5872.write.1.tlog
C:\Sources\os-fcgi\win32\Debug\link.5872-cvtres.read.1.tlog
C:\Sources\os-fcgi\win32\Debug\link.5872-cvtres.write.1.tlog
C:\Sources\os-fcgi\win32\Debug\link.6116.read.1.tlog
C:\Sources\os-fcgi\win32\Debug\link.6116.write.1.tlog
C:\Sources\os-fcgi\win32\Debug\link.6784.read.1.tlog
C:\Sources\os-fcgi\win32\Debug\link.6784.write.1.tlog
C:\Sources\os-fcgi\win32\Debug\link.6784-cvtres.read.1.tlog
C:\Sources\os-fcgi\win32\Debug\link.6784-cvtres.write.1.tlog
C:\Sources\os-fcgi\win32\Debug\link.command.1.tlog
C:\Sources\os-fcgi\win32\Debug\link.read.1.tlog
C:\Sources\os-fcgi\win32\Debug\link.write.1.tlog
C:\Sources\os-fcgi\win32\Debug\link-cvtres.read.1.tlog
C:\Sources\os-fcgi\win32\Debug\link-cvtres.write.1.tlog
C:\SOURCES\OS-FCGI\WIN32\DEBUG\MD5.OBJ
C:\Sources\os-fcgi\win32\Debug\mt.command.1.tlog
C:\Sources\os-fcgi\win32\Debug\mt.read.1.tlog
C:\Sources\os-fcgi\win32\Debug\mt.write.1.tlog
C:\SOURCES\OS-FCGI\WIN32\DEBUG\OBJECTSCRIPT.OBJ
C:\SOURCES\OS-FCGI\WIN32\DEBUG\OS_WIN32.OBJ
C:\SOURCES\OS-FCGI\WIN32\DEBUG\OS-CURL.OBJ
C:\SOURCES\OS-FCGI\WIN32\DEBUG\OS-DATETIME.OBJ
C:\SOURCES\OS-FCGI\WIN32\DEBUG\OS-FCGI.EXE.EMBED.MANIFEST
C:\SOURCES\OS-FCGI\WIN32\DEBUG\OS-FCGI.EXE.EMBED.MANIFEST.RES
C:\Sources\os-fcgi\win32\Debug\os-fcgi.exe.intermediate.manifest
C:\Sources\os-fcgi\win32\Debug\os-fcgi.exp
C:\Sources\os-fcgi\win32\Debug\os-fcgi.lib
C:\SOURCES\OS-FCGI\WIN32\DEBUG\OS-FCGI.OBJ
C:\Sources\os-fcgi\win32\Debug\os-fcgi.pdb
C:\Sources\os-fcgi\win32\Debug\os-fcgi.vcxprojResolveAssemblyReference.cache
C:\Sources\os-fcgi\win32\Debug\os-fcgi.write.1.tlog
C:\Sources\os-fcgi\win32\Debug\os-fcgi_manifest.rc
C:\SOURCES\OS-FCGI\WIN32\DEBUG\OS-ODBO.OBJ
C:\SOURCES\OS-FCGI\WIN32\DEBUG\OS-REGEXP.OBJ
C:\SOURCES\OS-FCGI\WIN32\DEBUG\OS-SQLITE3.OBJ
C:\SOURCES\OS-FCGI\WIN32\DEBUG\PARSER.OBJ
C:\SOURCES\OS-FCGI\WIN32\DEBUG\PCRE_CHARTABLES.OBJ
C:\SOURCES\OS-FCGI\WIN32\DEBUG\PCRE_COMPILE.OBJ
C:\SOURCES\OS-FCGI\WIN32\DEBUG\PCRE_CONFIG.OBJ
C:\SOURCES\OS-FCGI\WIN32\DEBUG\PCRE_EXEC.OBJ
C:\SOURCES\OS-FCGI\WIN32\DEBUG\PCRE_FULLINFO.OBJ
C:\SOURCES\OS-FCGI\WIN32\DEBUG\PCRE_GET.OBJ
C:\SOURCES\OS-FCGI\WIN32\DEBUG\PCRE_GLOBALS.OBJ
C:\SOURCES\OS-FCGI\WIN32\DEBUG\PCRE_INFO.OBJ
C:\SOURCES\OS-FCGI\WIN32\DEBUG\PCRE_MAKETABLES.OBJ
C:\SOURCES\OS-FCGI\WIN32\DEBUG\PCRE_NEWLINE.OBJ
C:\SOURCES\OS-FCGI\WIN32\DEBUG\PCRE_ORD2UTF8.OBJ
C:\SOURCES\OS-FCGI\WIN32\DEBUG\PCRE_REFCOUNT.OBJ
C:\SOURCES\OS-FCGI\WIN32\DEBUG\PCRE_STUDY.OBJ
C:\SOURCES\OS-FCGI\WIN32\DEBUG\PCRE_TABLES.OBJ
C:\SOURCES\OS-FCGI\WIN32\DEBUG\PCRE_TRY_FLIPPED.OBJ
C:\SOURCES\OS-FCGI\WIN32\DEBUG\PCRE_UCD.OBJ
C:\SOURCES\OS-FCGI\WIN32\DEBUG\PCRE_VALID_UTF8.OBJ
C:\SOURCES\OS-FCGI\WIN32\DEBUG\PCRE_VERSION.OBJ
C:\SOURCES\OS-FCGI\WIN32\DEBUG\PCRE_XCLASS.OBJ
C:\SOURCES\OS-FCGI\WIN32\DEBUG\PCREPOSIX.OBJ
C:\Sources\os-fcgi\win32\Debug\rc.command.1.tlog
C:\Sources\os-fcgi\win32\Debug\rc.read.1.tlog
C:\Sources\os-fcgi\win32\Debug\rc.write.1.tlog
C:\SOURCES\OS-FCGI\WIN32\DEBUG\SQLITE3.OBJ
C:\SOURCES\OS-FCGI\WIN32\DEBUG\STDAFX.OBJ
C:\Sources\os-fcgi\win32\Debug\vc100.idb
C:\SOURCES\OS-FCGI\WIN32\DEBUG\VC100.PDB
